<?xml version="1.0" encoding="UTF-8"?>
<!-- Generated by org.testng.reporters.JUnitReportReporter -->
<testsuite skipped="0" hostname="Air-de-Patrick" name="fr.p10.miage.rps.tests.RockPaperScissorsTest" tests="2" failures="0" timestamp="08 mars 2019 14:50:31 GMT" time="0.005" errors="0">
  <testcase name="testWinPlay" time="0.004" classname="fr.p10.miage.rps.tests.RockPaperScissorsTest"/>
  <testcase name="testTiePlay" time="0.001" classname="fr.p10.miage.rps.tests.RockPaperScissorsTest"/>
</testsuite> <!-- fr.p10.miage.rps.tests.RockPaperScissorsTest -->
